(---------------------------------------------------------------------)
(                                                                     )
(    Allegro Netrev Import Logic                                      )
(                                                                     )
(    Drawing          : Aircraft.brd                                  )
(    Software Version : 16.6-2015S108                                 )
(    Date/Time        : Tue Aug 27 11:23:21 2019                      )
(                                                                     )
(---------------------------------------------------------------------)


------ Directives ------------

Ripup etch:                  No
Ripup delete first segment:  No
Ripup retain bondwire:       No
Ripup symbols:               Always
Missing symbol has error:    No
DRC update:                  Yes
Schematic directory:         'C:/Users/NianQ/Desktop/Allergo/HardWare/allegro'
Design Directory:            'C:/Users/NianQ/Desktop/Allergo/HardWare'
Old design name:             'C:/Users/NianQ/Desktop/Allergo/HardWare/Aircraft.brd'
New design name:             'C:/Users/NianQ/Desktop/Allergo/HardWare/Aircraft.brd'

CmdLine: netrev -$ -i C:/Users/NianQ/Desktop/Allergo/HardWare/allegro -y 1 -z -q netrev_constraint_report.xml C:/Users/NianQ/Desktop/Allergo/HardWare/#Taaaaaj11052.tmp

------ Preparing to read pst files ------

Starting to read C:/Users/NianQ/Desktop/Allergo/HardWare/allegro/pstchip.dat 
   Finished reading C:/Users/NianQ/Desktop/Allergo/HardWare/allegro/pstchip.dat (00:00:00.07)
Starting to read C:/Users/NianQ/Desktop/Allergo/HardWare/allegro/pstxprt.dat 
   Finished reading C:/Users/NianQ/Desktop/Allergo/HardWare/allegro/pstxprt.dat (00:00:00.00)
Starting to read C:/Users/NianQ/Desktop/Allergo/HardWare/allegro/pstxnet.dat 
   Finished reading C:/Users/NianQ/Desktop/Allergo/HardWare/allegro/pstxnet.dat (00:00:00.00)

------ Oversights/Warnings/Errors ------


------ Library Paths ------
MODULEPATH =  . 
           D:/Cadence/Cadence/Cadence_SPB_16.6/share/local/pcb/modules 

PSMPATH =  C:/Users/NianQ/Desktop/Allergo/HardWare/Lib/pad/ 

PADPATH =  C:/Users/NianQ/Desktop/Allergo/HardWare/Lib/pad/ 


------ Summary Statistics ------


netrev run on Aug 27 11:23:21 2019
   DESIGN NAME : 'MXJ'
   PACKAGING ON Feb 15 2016 19:53:59

   COMPILE 'logic'
   CHECK_PIN_NAMES OFF
   CROSS_REFERENCE OFF
   FEEDBACK OFF
   INCREMENTAL OFF
   INTERFACE_TYPE PHYSICAL
   MAX_ERRORS 500
   MERGE_MINIMUM 5
   NET_NAME_CHARS '#%&()*+-./:=>?@[]^_`|'
   NET_NAME_LENGTH 24
   OVERSIGHTS ON
   REPLACE_CHECK OFF
   SINGLE_NODE_NETS ON
   SPLIT_MINIMUM 0
   SUPPRESS   20
   WARNINGS ON

 No error detected
 No oversight detected
 No warning detected

cpu time      0:01:16
elapsed time  0:00:00

