(---------------------------------------------------------------------)
(                                                                     )
(    QUICKPLACE LOG                                                   )
(                                                                     )
(    Drawing          : Aircraft.brd                                  )
(    Software Version : 16.6-2015S112                                 )
(    Date/Time        : Sun Aug 25 19:22:24 2019                      )
(                                                                     )
(---------------------------------------------------------------------)


State: Placing on layer TOP

         Placed symbol:  U1 / STM32F103-LQFP48_LQFP-48_(S1+S2 / LQFP-48 at (55.4779 44.5215)
         Placed symbol:  U6 / NRF24L01+_QFN-20_NRF24L01+ / QFN-20 at (53.2529 35.9933)
         Placed symbol:  U3 / AK8975_LQFP-16_AK8975 / LQFP-16 at (52.9529 29.9321)
         Placed symbol:  U2 / ICM20602_LGA-16_ICM20602 / LGA-16 at (52.4529 24.7289)
         Placed symbol:  U5 / W25Q32_SOIC-8_W25Q32 / SOIC-8 at (55.2829 19.4817)
         Placed symbol:  U4 / SPL06-001_LGA-8_SPL06-001 / LGA-8 at (51.4029 14.8575)
         Placed symbol:  J4 / HEADER 4_0_SH1_0_SWD / SH1_0 at (53.6529 10.1293)
         Placed symbol:  S1 / SW2*3_1_SW_SW2*3 / SW at (52.4029 6.5011)
         Placed symbol:  U7 / LM27313_SOT23-5_LM27313 / SOT23-5 at (51.8529 0.1629)
         Placed symbol:  U8 / MIC5219-3.3V_SOT23-5_MIC5219-3. / SOT23-5 at (51.8529 -3.9253)
         Placed symbol:  Y2 / XL/SM_8MHZ_16MHZ / 8MHZ at (52.1029 -7.5785)
         Placed symbol:  Y1 / XL/SM_8MHZ_8MHZ / 8MHZ at (52.1029 -10.7817)
         Placed symbol:  RGB1 / RGB_RGB1_RGB / RGB1 at (51.1029 -13.8449)
         Placed symbol:  J2 / HEADER 4_UP_FLOW_OPTICAL-FLOW / UP_FLOW at (59.0029 -22.9481)
         Placed symbol:  J1 / HEADER 4_A2541HWR-4P_BLUETOOTH / A2541HWR-4P at (55.6029 -37.8513)
         Placed symbol:  Q1 / MOSFET N_0_SOT23-3_SI2310 / SOT23-3 at (51.8029 -39.3395)
         Placed symbol:  Q4 / MOSFET N_0_SOT23-3_SI2310 / SOT23-3 at (51.8029 -42.6777)
         Placed symbol:  Q5 / MOSFET N_0_SOT23-3_SI2310 / SOT23-3 at (51.8029 -46.0159)
         Placed symbol:  Q7 / MOSFET N_0_SOT23-3_SI2310 / SOT23-3 at (68.4061 49.1615)
         Placed symbol:  Q3 / MOSFET N_0_SOT23-3_SI2310 / SOT23-3 at (68.4061 45.8233)
         Placed symbol:  Q2 / MOSFET N_0_SOT23-3_SI2310 / SOT23-3 at (68.4061 42.4851)
         Placed symbol:  Q6 / MOSFET N_0_SOT23-3_SI2310 / SOT23-3 at (68.4061 39.1469)
         Placed symbol:  C16 / CAP NP_1_0603_1UF / 0603 at (68.1061 35.8087)
         Placed symbol:  C21 / CAP NP_1_0603_22PF / 0603 at (68.1061 34.4705)
         Placed symbol:  C2 / CAP NP_0_0603_1UF / 0603 at (68.1061 33.1323)
         Placed symbol:  C19 / CAP NP_1_0603_1.5PF / 0603 at (68.1061 31.7941)
         Placed symbol:  C20 / CAP NP_1_0603_1PF / 0603 at (68.1061 30.4559)
         Placed symbol:  C28 / CAP NP_1_0603_22PF / 0603 at (68.1061 29.1177)
         Placed symbol:  C32 / CAP NP_1_0603_22PF / 0603 at (68.1061 27.7795)
         Placed symbol:  C22 / CAP NP_1_0603_2.2NF / 0603 at (68.1061 26.4413)
         Placed symbol:  C26 / CAP NP_1_0603_1NF / 0603 at (68.1061 25.1031)
         Placed symbol:  C23 / CAP NP_1_0603_4.7PF / 0603 at (68.1061 23.7649)
         Placed symbol:  C27 / CAP NP_1_0603_33NF / 0603 at (68.1061 22.4267)
         Placed symbol:  C33 / CAP POL_0_CASE-A-3216_T.47UF / CASE-A-3216 at (69.4561 20.8235)
         Placed symbol:  C37 / CAP NP_1_0603_4.7UF / 0603 at (68.1061 19.0853)
         Placed symbol:  C39 / CAP POL_0_CASE-A-3216_T.10UF / CASE-A-3216 at (69.4561 17.4821)
         Placed symbol:  C4 / CAP NP_0_0603_10UF / 0603 at (68.1061 15.7439)
         Placed symbol:  C40 / CAP NP_0603_10UF / 0603 at (68.1061 14.4057)
         Placed symbol:  C41 / CAP NP_0603_10UF / 0603 at (68.1061 13.0675)
         Placed symbol:  C42 / CAP NP_0603_10UF / 0603 at (68.1061 11.7293)
         Placed symbol:  C31 / CAP NP_1_0603_10UF / 0603 at (68.1061 10.3911)
         Placed symbol:  C43 / CAP NP_0603_10UF / 0603 at (68.1061 9.0529)
         Placed symbol:  C9 / CAP NP_0_0603_20PF / 0603 at (68.1061 7.7147)
         Placed symbol:  D1 / BZX84C16/SOT_0_SOD-323_B5819WS / SOD-323 at (68.5561 6.3115)
         Placed symbol:  D2 / DIODE_SOD-323_1N5819 / SOD-323 at (68.5561 4.7083)
         Placed symbol:  D3 / DIODE_SOD-323_1N5819 / SOD-323 at (68.5561 3.1051)
         Placed symbol:  D4 / LED_0603_RED / 0603 at (68.1061 1.5669)
         Placed symbol:  C30 / CAP NP_1_0603_2.2UF / 0603 at (68.1061 0.2287)
         Placed symbol:  C11 / CAP NP_1_0603_2.2UF / 0603 at (68.1061 -1.1095)
         Placed symbol:  J3 / HEADER 2_MOTOR_POWER / MOTOR at (68.8561 -3.7127)
         Placed symbol:  C34 / CAP NP_1_0603_100NF / 0603 at (68.1061 -5.3509)
         Placed symbol:  L1 / INDUCTOR_0603_3.9NH / 0603 at (68.1061 -6.6891)
         Placed symbol:  L2 / INDUCTOR_0603_8.2NH / 0603 at (68.1061 -8.0273)
         Placed symbol:  L3 / INDUCTOR_0603_2.7NH / 0603 at (68.1061 -9.3655)
         Placed symbol:  C29 / CAP NP_1_0603_100NF / 0603 at (68.1061 -10.7037)
         Placed symbol:  M1 / HEADER 2_MOTOR_MOTOR1 / MOTOR at (68.8561 -13.3069)
         Placed symbol:  M2 / HEADER 2_MOTOR_MOTOR2 / MOTOR at (68.8561 -16.2101)
         Placed symbol:  M3 / HEADER 2_MOTOR_MOTOR3 / MOTOR at (68.8561 -19.1133)
         Placed symbol:  M4 / HEADER 2_MOTOR_MOTOR4 / MOTOR at (68.8561 -22.0165)
         Placed symbol:  C38 / CAP NP_1_0603_100NF / 0603 at (68.1061 -23.6547)
         Placed symbol:  C24 / CAP NP_1_0603_10UF / 0603 at (68.1061 -24.9929)
         Placed symbol:  C18 / CAP NP_1_0603_10UF / 0603 at (68.1061 -26.3311)
         Placed symbol:  C14 / CAP NP_1_0603_10UF / 0603 at (68.1061 -27.6693)
         Placed symbol:  C8 / CAP NP_0_0603_20PF / 0603 at (68.1061 -29.0075)
         Placed symbol:  C25 / CAP NP_1_0603_10NF / 0603 at (68.1061 -30.3457)
         Placed symbol:  C13 / CAP NP_1_0603_10NF / 0603 at (68.1061 -31.6839)
         Placed symbol:  R1 / R_0_0603_10K / 0603 at (68.1061 -33.0221)
         Placed symbol:  R2 / R_0_0603_10K / 0603 at (68.1061 -34.3603)
         Placed symbol:  R10 / R_1_0603_2K 1% / 0603 at (68.1061 -35.6985)
         Placed symbol:  R11 / R_1_0603_1K / 0603 at (68.1061 -37.0367)
         Placed symbol:  R12 / R_1_0603_1K / 0603 at (68.1061 -38.3749)
         Placed symbol:  R17 / R_1_0603_1K / 0603 at (68.1061 -39.7131)
         Placed symbol:  R18 / R_1_0603_1K / 0603 at (68.1061 -41.0513)
         Placed symbol:  R19 / R_1_0603_1K / 0603 at (68.1061 -42.3895)
         Placed symbol:  R23 / R_1_0603_1K / 0603 at (68.1061 -43.7277)
         Placed symbol:  R24 / R_1_0603_1K / 0603 at (68.1061 -45.0659)
         Placed symbol:  R25 / R_1_0603_1K / 0603 at (68.1061 -46.4041)
         Placed symbol:  R26 / R_1_0603_1K / 0603 at (68.1061 -47.7423)
         Placed symbol:  R13 / R_1_0603_1K 1% / 0603 at (68.1061 -49.0805)
         Placed symbol:  R14 / R_1_0603_R50 / 0603 at (73.6093 49.1615)
         Placed symbol:  R15 / R_1_0603_R50 / 0603 at (73.6093 47.8233)
         Placed symbol:  R16 / R_1_0603_R50 / 0603 at (73.6093 46.4851)
         Placed symbol:  R20 / R_1_0603_10K / 0603 at (73.6093 45.1469)
         Placed symbol:  R21 / R_1_0603_10K / 0603 at (73.6093 43.8087)
         Placed symbol:  R22 / R_1_0603_10K / 0603 at (73.6093 42.4705)
         Placed symbol:  R27 / R_1_0603_10K / 0603 at (73.6093 41.1323)
         Placed symbol:  R28 / R_1_0603_10K / 0603 at (73.6093 39.7941)
         Placed symbol:  R29 / R_1_0603_10K / 0603 at (73.6093 38.4559)
         Placed symbol:  R30 / R_1_0603_10K / 0603 at (73.6093 37.1177)
         Placed symbol:  R9 / R_1_0603_10K / 0603 at (73.6093 35.7795)
         Placed symbol:  R3 / R_0_0603_1M / 0603 at (73.6093 34.4413)
         Placed symbol:  R4 / R_1_0603_4.7K / 0603 at (73.6093 33.1031)
         Placed symbol:  R5 / R_1_0603_1M / 0603 at (73.6093 31.7649)
         Placed symbol:  R6 / R_1_0603_22K / 0603 at (73.6093 30.4267)
         Placed symbol:  R7 / R_1_0603_0 / 0603 at (73.6093 29.0885)
         Placed symbol:  R8 / R_1_0603_33K / 0603 at (73.6093 27.7503)
         Placed symbol:  RF1 / RF_RF1_2.4GHZ / RF1 at (75.5593 25.9471)
         Placed symbol:  C36 / CAP NP_1_0603_100NF / 0603 at (73.6093 24.0589)
         Placed symbol:  C17 / CAP NP_1_0603_100NF / 0603 at (73.6093 22.7207)
         Placed symbol:  C15 / CAP NP_1_0603_100NF / 0603 at (73.6093 21.3825)
         Placed symbol:  C12 / CAP NP_1_0603_100NF / 0603 at (73.6093 20.0443)
         Placed symbol:  C10 / CAP NP_1_0603_100NF / 0603 at (73.6093 18.7061)
         Placed symbol:  C7 / CAP NP_0_0603_100NF / 0603 at (73.6093 17.3679)
         Placed symbol:  C6 / CAP NP_0_0603_100NF / 0603 at (73.6093 16.0297)
         Placed symbol:  C5 / CAP NP_0_0603_100NF / 0603 at (73.6093 14.6915)
         Placed symbol:  C3 / CAP NP_0_0603_100NF / 0603 at (73.6093 13.3533)
         Placed symbol:  L4 / INDUCTOR_4_7UH_4.7UH / 4_7UH at (72.9093 10.5501)
         Placed symbol:  C35 / CAP NP_1_0603_100NF / 0603 at (73.6093 7.6119)
         Placed symbol:  C1 / CAP NP_0_0603_100NF / 0603 at (73.6093 6.2737)


Placed 109 of 109 applicable (109 total) symbols.

-----------------------------------------------------------------------

