Mon Sep 30 11:21:58 2019				Page     1


 
Update Symbols/Modules Logfile
	Mon Sep 30 11:21:58 2019

------ Module Refresh Messages ------

SUMMARY:    Updated 0 out of 0 modules

------ End Module Messages     ------



(---------------------------------------------------------------------)
(                                                                     )
(    Refresh Symbol                                                   )
(                                                                     )
(    Drawing          : Aircraft.brd                                  )
(    Software Version : 16.6-2015S108                                 )
(    Date/Time        : Mon Sep 30 11:21:58 2019                      )
(                                                                     )
(---------------------------------------------------------------------)


Mon Sep 30 11:21:58 2019				Page     1


------ Symbol Refresh Directives ------

Input design  = 'C:/Users/Jahn/Desktop/Allergo/HardWare/BOARD/Aircraft.brd'
Output design = ''

Update mechanical symbols              = 'NO'
Update format symbols                  = 'NO'
Update package symbols                 = 'NO'
Update shape/flash symbols             = 'NO'
Update symbol padstacks                = 'NO'
Preserve padstacks replaced on pins    = 'YES'
Reset symbol text and size locations   = 'NO'
Reset Pin Escapes (fanouts)            = 'NO'
Ripup Etch                             = 'NO'
Reset custom drill data                = 'NO'
Symbol list file                       = 'C:/Users/Jahn/AppData/Local/Temp/#Taaaahk06288.tmp'


------ Library Paths ------
PSMPATH =  C:/Users/Jahn/Desktop/Allergo/HardWare/Lib/ 
           C:/Users/Jahn/Desktop/Allergo/HardWare/Lib/pad/ 
           . 
           symbols 
           .. 
           ../symbols 
           D:/Cadence/Cadence/Cadence_SPB_16.6/share/local/pcb/symbols 
           D:/Cadence/Cadence/Cadence_SPB_16.6/share/pcb/pcb_lib/symbols 
           D:/Cadence/Cadence/Cadence_SPB_16.6/share/pcb/allegrolib/symbols 

PADPATH =  C:/Users/Jahn/Desktop/Allergo/HardWare/Lib/pad/ 
           . 
           symbols 
           .. 
           ../symbols 
           D:/Cadence/Cadence/Cadence_SPB_16.6/share/local/pcb/padstacks 
           D:/Cadence/Cadence/Cadence_SPB_16.6/share/pcb/pcb_lib/symbols 
           D:/Cadence/Cadence/Cadence_SPB_16.6/share/pcb/allegrolib/symbols 


------ Symbol Refresh Messages ------

'UP_FLOW'  symbol refreshed successfully.


----- Symbol Update Summary ----

Updated symbols: 1 out 1
    Design updated.

